-------------------------------------------------------------------------------
Test set: Account Page Feature
-------------------------------------------------------------------------------
Tests run: 2, Failures: 1, Errors: 0, Skipped: 0, Time elapsed: 43.365 sec <<< FAILURE! - in Account Page Feature
Accounts section count(Account Page Feature)  Time elapsed: 27.254 sec  <<< FAILURE!
junit.framework.AssertionFailedError

