-------------------------------------------------------------------------------
Test set: Login Page Feature
-------------------------------------------------------------------------------
Tests run: 3, Failures: 2, Errors: 0, Skipped: 0, Time elapsed: 48.323 sec <<< FAILURE! - in Login Page Feature
Login Page title(Login Page Feature)  Time elapsed: 14.535 sec  <<< FAILURE!
java.lang.AssertionError

Login with correct credentials(Login Page Feature)  Time elapsed: 11.83 sec  <<< FAILURE!
java.lang.AssertionError

